2023-11-21 00:09:59,147 - Starting Script
2023-11-21 00:39:04,021 - --------------------
2023-11-21 00:39:04,022 - Con treshold: 0.61
2023-11-21 00:39:04,022 - Con ventana de: 7
2023-11-21 00:39:04,022 - Precisión total: 0.9277777777777778
2023-11-21 00:39:04,022 - Recall total: 0.9223809523809525
2023-11-21 01:07:38,780 - --------------------
2023-11-21 01:07:38,780 - Con treshold: 0.61
2023-11-21 01:07:38,780 - Con ventana de: 8
2023-11-21 01:07:38,782 - Precisión total: 0.9277777777777778
2023-11-21 01:07:38,782 - Recall total: 0.9223809523809525
2023-11-21 01:35:46,840 - --------------------
2023-11-21 01:35:46,840 - Con treshold: 0.61
2023-11-21 01:35:46,840 - Con ventana de: 9
2023-11-21 01:35:46,840 - Precisión total: 0.9194444444444445
2023-11-21 01:35:46,840 - Recall total: 0.8890476190476191
2023-11-21 02:03:28,699 - --------------------
2023-11-21 02:03:28,699 - Con treshold: 0.61
2023-11-21 02:03:28,699 - Con ventana de: 10
2023-11-21 02:03:28,700 - Precisión total: 0.9194444444444445
2023-11-21 02:03:28,700 - Recall total: 0.8890476190476191
2023-11-21 02:32:28,967 - --------------------
2023-11-21 02:32:28,968 - Con treshold: 0.63
2023-11-21 02:32:28,968 - Con ventana de: 7
2023-11-21 02:32:28,968 - Precisión total: 0.9277777777777778
2023-11-21 02:32:28,968 - Recall total: 0.9223809523809525
2023-11-21 03:01:03,631 - --------------------
2023-11-21 03:01:03,632 - Con treshold: 0.63
2023-11-21 03:01:03,632 - Con ventana de: 8
2023-11-21 03:01:03,632 - Precisión total: 0.9277777777777778
2023-11-21 03:01:03,632 - Recall total: 0.9223809523809525
2023-11-21 03:29:14,703 - --------------------
2023-11-21 03:29:14,704 - Con treshold: 0.63
2023-11-21 03:29:14,704 - Con ventana de: 9
2023-11-21 03:29:14,704 - Precisión total: 0.9194444444444445
2023-11-21 03:29:14,704 - Recall total: 0.8890476190476191
2023-11-21 03:56:56,789 - --------------------
2023-11-21 03:56:56,789 - Con treshold: 0.63
2023-11-21 03:56:56,789 - Con ventana de: 10
2023-11-21 03:56:56,790 - Precisión total: 0.9194444444444445
2023-11-21 03:56:56,790 - Recall total: 0.8890476190476191
2023-11-21 04:25:58,133 - --------------------
2023-11-21 04:25:58,133 - Con treshold: 0.65
2023-11-21 04:25:58,134 - Con ventana de: 7
2023-11-21 04:25:58,134 - Precisión total: 0.9277777777777778
2023-11-21 04:25:58,134 - Recall total: 0.9223809523809525
2023-11-21 04:54:30,582 - --------------------
2023-11-21 04:54:30,582 - Con treshold: 0.65
2023-11-21 04:54:30,582 - Con ventana de: 8
2023-11-21 04:54:30,582 - Precisión total: 0.9277777777777778
2023-11-21 04:54:30,582 - Recall total: 0.9223809523809525
2023-11-21 05:22:37,827 - --------------------
2023-11-21 05:22:37,827 - Con treshold: 0.65
2023-11-21 05:22:37,827 - Con ventana de: 9
2023-11-21 05:22:37,828 - Precisión total: 0.9194444444444445
2023-11-21 05:22:37,828 - Recall total: 0.8890476190476191
2023-11-21 05:50:18,661 - --------------------
2023-11-21 05:50:18,661 - Con treshold: 0.65
2023-11-21 05:50:18,662 - Con ventana de: 10
2023-11-21 05:50:18,662 - Precisión total: 0.9194444444444445
2023-11-21 05:50:18,662 - Recall total: 0.8690476190476192
2023-11-21 06:19:20,307 - --------------------
2023-11-21 06:19:20,307 - Con treshold: 0.67
2023-11-21 06:19:20,307 - Con ventana de: 7
2023-11-21 06:19:20,308 - Precisión total: 0.9527777777777778
2023-11-21 06:19:20,308 - Recall total: 0.9223809523809525
2023-11-21 06:47:54,161 - --------------------
2023-11-21 06:47:54,162 - Con treshold: 0.67
2023-11-21 06:47:54,162 - Con ventana de: 8
2023-11-21 06:47:54,162 - Precisión total: 0.9527777777777778
2023-11-21 06:47:54,162 - Recall total: 0.9223809523809525
2023-11-21 07:16:02,436 - --------------------
2023-11-21 07:16:02,436 - Con treshold: 0.67
2023-11-21 07:16:02,436 - Con ventana de: 9
2023-11-21 07:16:02,436 - Precisión total: 0.9527777777777778
2023-11-21 07:16:02,436 - Recall total: 0.8890476190476191
2023-11-21 07:43:47,306 - --------------------
2023-11-21 07:43:47,306 - Con treshold: 0.67
2023-11-21 07:43:47,306 - Con ventana de: 10
2023-11-21 07:43:47,306 - Precisión total: 0.9527777777777778
2023-11-21 07:43:47,306 - Recall total: 0.8690476190476192
