2023-11-23 15:17:19,167 - --------------------
2023-11-23 15:17:19,167 - Con treshold: 0.75
2023-11-23 15:17:19,168 - Con ventana de: 7
2023-11-23 15:17:19,168 - Precisión total: 0.7769841269841269
2023-11-23 15:17:19,168 - Recall total: 0.7725396825396825
2023-11-23 15:26:32,699 - --------------------
2023-11-23 15:26:32,699 - Con treshold: 0.75
2023-11-23 15:26:32,699 - Con ventana de: 8
2023-11-23 15:26:32,699 - Precisión total: 0.7287698412698412
2023-11-23 15:26:32,699 - Recall total: 0.7725396825396825
2023-11-23 15:35:51,853 - --------------------
2023-11-23 15:35:51,854 - Con treshold: 0.75
2023-11-23 15:35:51,854 - Con ventana de: 9
2023-11-23 15:35:51,854 - Precisión total: 0.7287698412698412
2023-11-23 15:35:51,854 - Recall total: 0.7725396825396825
2023-11-23 15:45:27,774 - --------------------
2023-11-23 15:45:27,774 - Con treshold: 0.75
2023-11-23 15:45:27,774 - Con ventana de: 10
2023-11-23 15:45:27,775 - Precisión total: 0.7287698412698412
2023-11-23 15:45:27,775 - Recall total: 0.7725396825396825
2023-11-23 15:55:35,713 - --------------------
2023-11-23 15:55:35,713 - Con treshold: 0.77
2023-11-23 15:55:35,714 - Con ventana de: 7
2023-11-23 15:55:35,714 - Precisión total: 0.7769841269841269
2023-11-23 15:55:35,714 - Recall total: 0.7725396825396825
2023-11-23 16:06:18,829 - --------------------
2023-11-23 16:06:18,829 - Con treshold: 0.77
2023-11-23 16:06:18,830 - Con ventana de: 8
2023-11-23 16:06:18,830 - Precisión total: 0.8150793650793651
2023-11-23 16:06:18,830 - Recall total: 0.7725396825396825
2023-11-23 16:19:22,563 - --------------------
2023-11-23 16:19:22,564 - Con treshold: 0.77
2023-11-23 16:19:22,564 - Con ventana de: 9
2023-11-23 16:19:22,564 - Precisión total: 0.7714285714285714
2023-11-23 16:19:22,564 - Recall total: 0.7582539682539682
2023-11-23 16:33:35,922 - --------------------
2023-11-23 16:33:35,922 - Con treshold: 0.77
2023-11-23 16:33:35,922 - Con ventana de: 10
2023-11-23 16:33:35,923 - Precisión total: 0.7942857142857143
2023-11-23 16:33:35,923 - Recall total: 0.743968253968254
2023-11-23 16:47:08,123 - --------------------
2023-11-23 16:47:08,123 - Con treshold: 0.79
2023-11-23 16:47:08,124 - Con ventana de: 7
2023-11-23 16:47:08,124 - Precisión total: 0.8433333333333334
2023-11-23 16:47:08,124 - Recall total: 0.7382539682539682
2023-11-23 16:59:51,847 - --------------------
2023-11-23 16:59:51,848 - Con treshold: 0.79
2023-11-23 16:59:51,848 - Con ventana de: 8
2023-11-23 16:59:51,848 - Precisión total: 0.835
2023-11-23 16:59:51,848 - Recall total: 0.6906349206349207
2023-11-23 17:08:09,575 - --------------------
2023-11-23 17:08:09,576 - Con treshold: 0.79
2023-11-23 17:08:09,576 - Con ventana de: 9
2023-11-23 17:08:09,576 - Precisión total: 0.825
2023-11-23 17:08:09,576 - Recall total: 0.6795238095238096
2023-11-23 17:16:22,102 - --------------------
2023-11-23 17:16:22,102 - Con treshold: 0.79
2023-11-23 17:16:22,102 - Con ventana de: 10
2023-11-23 17:16:22,102 - Precisión total: 0.825
2023-11-23 17:16:22,103 - Recall total: 0.6706349206349207
2023-11-23 17:24:52,470 - --------------------
2023-11-23 17:24:52,470 - Con treshold: 0.8
2023-11-23 17:24:52,470 - Con ventana de: 7
2023-11-23 17:24:52,470 - Precisión total: 0.8933333333333333
2023-11-23 17:24:52,470 - Recall total: 0.573968253968254
2023-11-23 17:33:33,678 - --------------------
2023-11-23 17:33:33,678 - Con treshold: 0.8
2023-11-23 17:33:33,678 - Con ventana de: 8
2023-11-23 17:33:33,678 - Precisión total: 0.8516666666666666
2023-11-23 17:33:33,679 - Recall total: 0.6073015873015872
2023-11-23 17:42:07,106 - --------------------
2023-11-23 17:42:07,107 - Con treshold: 0.8
2023-11-23 17:42:07,107 - Con ventana de: 9
2023-11-23 17:42:07,107 - Precisión total: 0.845
2023-11-23 17:42:07,107 - Recall total: 0.5973015873015872
2023-11-23 17:50:29,909 - --------------------
2023-11-23 17:50:29,909 - Con treshold: 0.8
2023-11-23 17:50:29,909 - Con ventana de: 10
2023-11-23 17:50:29,909 - Precisión total: 0.9
2023-11-23 17:50:29,909 - Recall total: 0.5850793650793651
